Determining if the Q_WS_WIN exist failed with the following output:
Change Dir: /home/yolanda/workspace/3D_engineering/TP_mesh_segmentation/build-linux-Desktop_Qt_5_7_0_GCC_64bit-Default/CMakeFiles/CMakeTmp

Run Build Command:"/usr/bin/make" "cmTC_43282/fast"
/usr/bin/make -f CMakeFiles/cmTC_43282.dir/build.make CMakeFiles/cmTC_43282.dir/build
make[1]: Entering directory `/home/yolanda/workspace/3D_engineering/TP_mesh_segmentation/build-linux-Desktop_Qt_5_7_0_GCC_64bit-Default/CMakeFiles/CMakeTmp'
Building CXX object CMakeFiles/cmTC_43282.dir/CheckSymbolExists.cxx.o
/usr/bin/g++    -I/usr/include/qt4  -g -O2 -fstack-protector --param=ssp-buffer-size=4 -Wformat -Werror=format-security -D_FORTIFY_SOURCE=2  -frounding-math    -o CMakeFiles/cmTC_43282.dir/CheckSymbolExists.cxx.o -c /home/yolanda/workspace/3D_engineering/TP_mesh_segmentation/build-linux-Desktop_Qt_5_7_0_GCC_64bit-Default/CMakeFiles/CMakeTmp/CheckSymbolExists.cxx
/home/yolanda/workspace/3D_engineering/TP_mesh_segmentation/build-linux-Desktop_Qt_5_7_0_GCC_64bit-Default/CMakeFiles/CMakeTmp/CheckSymbolExists.cxx: In function ‘int main(int, char**)’:
/home/yolanda/workspace/3D_engineering/TP_mesh_segmentation/build-linux-Desktop_Qt_5_7_0_GCC_64bit-Default/CMakeFiles/CMakeTmp/CheckSymbolExists.cxx:8:19: error: ‘Q_WS_WIN’ was not declared in this scope
   return ((int*)(&Q_WS_WIN))[argc];
                   ^
make[1]: *** [CMakeFiles/cmTC_43282.dir/CheckSymbolExists.cxx.o] Error 1
make[1]: Leaving directory `/home/yolanda/workspace/3D_engineering/TP_mesh_segmentation/build-linux-Desktop_Qt_5_7_0_GCC_64bit-Default/CMakeFiles/CMakeTmp'
make: *** [cmTC_43282/fast] Error 2

File /home/yolanda/workspace/3D_engineering/TP_mesh_segmentation/build-linux-Desktop_Qt_5_7_0_GCC_64bit-Default/CMakeFiles/CMakeTmp/CheckSymbolExists.cxx:
/* */
#include <QtCore/qglobal.h>

int main(int argc, char** argv)
{
  (void)argv;
#ifndef Q_WS_WIN
  return ((int*)(&Q_WS_WIN))[argc];
#else
  (void)argc;
  return 0;
#endif
}

Determining if the Q_WS_QWS exist failed with the following output:
Change Dir: /home/yolanda/workspace/3D_engineering/TP_mesh_segmentation/build-linux-Desktop_Qt_5_7_0_GCC_64bit-Default/CMakeFiles/CMakeTmp

Run Build Command:"/usr/bin/make" "cmTC_43b55/fast"
/usr/bin/make -f CMakeFiles/cmTC_43b55.dir/build.make CMakeFiles/cmTC_43b55.dir/build
make[1]: Entering directory `/home/yolanda/workspace/3D_engineering/TP_mesh_segmentation/build-linux-Desktop_Qt_5_7_0_GCC_64bit-Default/CMakeFiles/CMakeTmp'
Building CXX object CMakeFiles/cmTC_43b55.dir/CheckSymbolExists.cxx.o
/usr/bin/g++    -I/usr/include/qt4  -g -O2 -fstack-protector --param=ssp-buffer-size=4 -Wformat -Werror=format-security -D_FORTIFY_SOURCE=2  -frounding-math    -o CMakeFiles/cmTC_43b55.dir/CheckSymbolExists.cxx.o -c /home/yolanda/workspace/3D_engineering/TP_mesh_segmentation/build-linux-Desktop_Qt_5_7_0_GCC_64bit-Default/CMakeFiles/CMakeTmp/CheckSymbolExists.cxx
/home/yolanda/workspace/3D_engineering/TP_mesh_segmentation/build-linux-Desktop_Qt_5_7_0_GCC_64bit-Default/CMakeFiles/CMakeTmp/CheckSymbolExists.cxx: In function ‘int main(int, char**)’:
/home/yolanda/workspace/3D_engineering/TP_mesh_segmentation/build-linux-Desktop_Qt_5_7_0_GCC_64bit-Default/CMakeFiles/CMakeTmp/CheckSymbolExists.cxx:8:19: error: ‘Q_WS_QWS’ was not declared in this scope
   return ((int*)(&Q_WS_QWS))[argc];
                   ^
make[1]: *** [CMakeFiles/cmTC_43b55.dir/CheckSymbolExists.cxx.o] Error 1
make[1]: Leaving directory `/home/yolanda/workspace/3D_engineering/TP_mesh_segmentation/build-linux-Desktop_Qt_5_7_0_GCC_64bit-Default/CMakeFiles/CMakeTmp'
make: *** [cmTC_43b55/fast] Error 2

File /home/yolanda/workspace/3D_engineering/TP_mesh_segmentation/build-linux-Desktop_Qt_5_7_0_GCC_64bit-Default/CMakeFiles/CMakeTmp/CheckSymbolExists.cxx:
/* */
#include <QtCore/qglobal.h>

int main(int argc, char** argv)
{
  (void)argv;
#ifndef Q_WS_QWS
  return ((int*)(&Q_WS_QWS))[argc];
#else
  (void)argc;
  return 0;
#endif
}

Determining if the Q_WS_MAC exist failed with the following output:
Change Dir: /home/yolanda/workspace/3D_engineering/TP_mesh_segmentation/build-linux-Desktop_Qt_5_7_0_GCC_64bit-Default/CMakeFiles/CMakeTmp

Run Build Command:"/usr/bin/make" "cmTC_1a8a1/fast"
/usr/bin/make -f CMakeFiles/cmTC_1a8a1.dir/build.make CMakeFiles/cmTC_1a8a1.dir/build
make[1]: Entering directory `/home/yolanda/workspace/3D_engineering/TP_mesh_segmentation/build-linux-Desktop_Qt_5_7_0_GCC_64bit-Default/CMakeFiles/CMakeTmp'
Building CXX object CMakeFiles/cmTC_1a8a1.dir/CheckSymbolExists.cxx.o
/usr/bin/g++    -I/usr/include/qt4  -g -O2 -fstack-protector --param=ssp-buffer-size=4 -Wformat -Werror=format-security -D_FORTIFY_SOURCE=2  -frounding-math    -o CMakeFiles/cmTC_1a8a1.dir/CheckSymbolExists.cxx.o -c /home/yolanda/workspace/3D_engineering/TP_mesh_segmentation/build-linux-Desktop_Qt_5_7_0_GCC_64bit-Default/CMakeFiles/CMakeTmp/CheckSymbolExists.cxx
/home/yolanda/workspace/3D_engineering/TP_mesh_segmentation/build-linux-Desktop_Qt_5_7_0_GCC_64bit-Default/CMakeFiles/CMakeTmp/CheckSymbolExists.cxx: In function ‘int main(int, char**)’:
/home/yolanda/workspace/3D_engineering/TP_mesh_segmentation/build-linux-Desktop_Qt_5_7_0_GCC_64bit-Default/CMakeFiles/CMakeTmp/CheckSymbolExists.cxx:8:19: error: ‘Q_WS_MAC’ was not declared in this scope
   return ((int*)(&Q_WS_MAC))[argc];
                   ^
make[1]: *** [CMakeFiles/cmTC_1a8a1.dir/CheckSymbolExists.cxx.o] Error 1
make[1]: Leaving directory `/home/yolanda/workspace/3D_engineering/TP_mesh_segmentation/build-linux-Desktop_Qt_5_7_0_GCC_64bit-Default/CMakeFiles/CMakeTmp'
make: *** [cmTC_1a8a1/fast] Error 2

File /home/yolanda/workspace/3D_engineering/TP_mesh_segmentation/build-linux-Desktop_Qt_5_7_0_GCC_64bit-Default/CMakeFiles/CMakeTmp/CheckSymbolExists.cxx:
/* */
#include <QtCore/qglobal.h>

int main(int argc, char** argv)
{
  (void)argv;
#ifndef Q_WS_MAC
  return ((int*)(&Q_WS_MAC))[argc];
#else
  (void)argc;
  return 0;
#endif
}

